<?xml version="1.0" encoding="UTF-8"?>
<!-- Generated by org.testng.reporters.JUnitReportReporter -->
<testsuite hostname="LAPTOP-9747RP50" failures="0" tests="1" name="practiceTestNg.test" time="0.013" errors="0" timestamp="2024-03-15T12:41:46 IST" skipped="0">
  <testcase classname="practiceTestNg.test" name="TesstNG" time="0.013"/>
</testsuite> <!-- practiceTestNg.test -->
